c:\users\joopi\onedrive\desktop\code\personal\turbowet\turbowet\debug\vc142.pdb
c:\users\joopi\onedrive\desktop\code\personal\turbowet\turbowet\debug\vc142.idb
c:\users\joopi\onedrive\desktop\code\personal\turbowet\turbowet\debug\title.obj
c:\users\joopi\onedrive\desktop\code\personal\turbowet\turbowet\debug\sprite.obj
c:\users\joopi\onedrive\desktop\code\personal\turbowet\turbowet\debug\player.obj
c:\users\joopi\onedrive\desktop\code\personal\turbowet\turbowet\debug\main.obj
c:\users\joopi\onedrive\desktop\code\personal\turbowet\turbowet\debug\image.obj
c:\users\joopi\onedrive\desktop\code\personal\turbowet\turbowet\debug\fsm.obj
c:\users\joopi\onedrive\desktop\code\personal\turbowet\turbowet\debug\engine.obj
c:\users\joopi\onedrive\desktop\code\personal\turbowet\turbowet\debug\consoleio.obj
c:\users\joopi\onedrive\desktop\code\personal\turbowet\turbowet\debug\buttontoggle.obj
c:\users\joopi\onedrive\desktop\code\personal\turbowet\turbowet\debug\button.obj
c:\users\joopi\onedrive\desktop\code\personal\turbowet\turbowet\debug\audiomanager.obj
c:\users\joopi\onedrive\desktop\code\personal\turbowet\turbowet\debug\imgui_sdl.obj
c:\users\joopi\onedrive\desktop\code\personal\turbowet\turbowet\debug\imgui_widgets.obj
c:\users\joopi\onedrive\desktop\code\personal\turbowet\turbowet\debug\imgui_draw.obj
c:\users\joopi\onedrive\desktop\code\personal\turbowet\turbowet\debug\imgui_demo.obj
c:\users\joopi\onedrive\desktop\code\personal\turbowet\turbowet\debug\imgui.obj
c:\users\joopi\onedrive\desktop\code\personal\turbowet\turbowet\debug\mapping.obj
c:\users\joopi\onedrive\desktop\code\personal\turbowet\turbowet\debug\settingsstat.obj
c:\users\joopi\onedrive\desktop\code\personal\turbowet\turbowet\debug\titlestate.obj
c:\users\joopi\onedrive\desktop\code\personal\turbowet\turbowet\debug\settingsstate.obj
c:\users\joopi\onedrive\desktop\code\personal\turbowet\turbowet\debug\mappingstate.obj
c:\users\joopi\onedrive\desktop\code\personal\turbowet\turbowet\debug\gamestate.obj
c:\users\joopi\onedrive\desktop\code\personal\turbowet\debug\turbowet.exe
c:\users\joopi\onedrive\desktop\code\personal\turbowet\debug\turbowet.ilk
c:\users\joopi\onedrive\desktop\code\personal\turbowet\debug\turbowet.pdb
c:\users\joopi\onedrive\desktop\code\personal\turbowet\turbowet\debug\turbowet.tlog\cl.command.1.tlog
c:\users\joopi\onedrive\desktop\code\personal\turbowet\turbowet\debug\turbowet.tlog\cl.read.1.tlog
c:\users\joopi\onedrive\desktop\code\personal\turbowet\turbowet\debug\turbowet.tlog\cl.write.1.tlog
c:\users\joopi\onedrive\desktop\code\personal\turbowet\turbowet\debug\turbowet.tlog\link-cvtres.read.1.tlog
c:\users\joopi\onedrive\desktop\code\personal\turbowet\turbowet\debug\turbowet.tlog\link-cvtres.write.1.tlog
c:\users\joopi\onedrive\desktop\code\personal\turbowet\turbowet\debug\turbowet.tlog\link-rc.read.1.tlog
c:\users\joopi\onedrive\desktop\code\personal\turbowet\turbowet\debug\turbowet.tlog\link-rc.write.1.tlog
c:\users\joopi\onedrive\desktop\code\personal\turbowet\turbowet\debug\turbowet.tlog\link.20748-cvtres.read.1.tlog
c:\users\joopi\onedrive\desktop\code\personal\turbowet\turbowet\debug\turbowet.tlog\link.20748-cvtres.write.1.tlog
c:\users\joopi\onedrive\desktop\code\personal\turbowet\turbowet\debug\turbowet.tlog\link.20748-rc.read.1.tlog
c:\users\joopi\onedrive\desktop\code\personal\turbowet\turbowet\debug\turbowet.tlog\link.20748-rc.write.1.tlog
c:\users\joopi\onedrive\desktop\code\personal\turbowet\turbowet\debug\turbowet.tlog\link.20748.read.1.tlog
c:\users\joopi\onedrive\desktop\code\personal\turbowet\turbowet\debug\turbowet.tlog\link.20748.write.1.tlog
c:\users\joopi\onedrive\desktop\code\personal\turbowet\turbowet\debug\turbowet.tlog\link.command.1.tlog
c:\users\joopi\onedrive\desktop\code\personal\turbowet\turbowet\debug\turbowet.tlog\link.read.1.tlog
c:\users\joopi\onedrive\desktop\code\personal\turbowet\turbowet\debug\turbowet.tlog\link.write.1.tlog
