c:\users\joopi\onedrive\desktop\code\personal\excerengine2d\excerengine2d\debug\vc142.pdb
c:\users\joopi\onedrive\desktop\code\personal\excerengine2d\excerengine2d\debug\vc142.idb
c:\users\joopi\onedrive\desktop\code\personal\excerengine2d\excerengine2d\debug\player.obj
c:\users\joopi\onedrive\desktop\code\personal\excerengine2d\excerengine2d\debug\oglsprite.obj
c:\users\joopi\onedrive\desktop\code\personal\excerengine2d\excerengine2d\debug\mappingstate.obj
c:\users\joopi\onedrive\desktop\code\personal\excerengine2d\excerengine2d\debug\main.obj
c:\users\joopi\onedrive\desktop\code\personal\excerengine2d\excerengine2d\debug\image.obj
c:\users\joopi\onedrive\desktop\code\personal\excerengine2d\excerengine2d\debug\gamestate.obj
c:\users\joopi\onedrive\desktop\code\personal\excerengine2d\excerengine2d\debug\gameinstance.obj
c:\users\joopi\onedrive\desktop\code\personal\excerengine2d\excerengine2d\debug\fsm.obj
c:\users\joopi\onedrive\desktop\code\personal\excerengine2d\excerengine2d\debug\engine.obj
c:\users\joopi\onedrive\desktop\code\personal\excerengine2d\excerengine2d\debug\consoleio.obj
c:\users\joopi\onedrive\desktop\code\personal\excerengine2d\excerengine2d\debug\buttontoggle.obj
c:\users\joopi\onedrive\desktop\code\personal\excerengine2d\excerengine2d\debug\button.obj
c:\users\joopi\onedrive\desktop\code\personal\excerengine2d\excerengine2d\debug\audiomanager.obj
c:\users\joopi\onedrive\desktop\code\personal\excerengine2d\excerengine2d\debug\imgui_sdl.obj
c:\users\joopi\onedrive\desktop\code\personal\excerengine2d\excerengine2d\debug\imgui_widgets.obj
c:\users\joopi\onedrive\desktop\code\personal\excerengine2d\excerengine2d\debug\imgui_impl_sdl.obj
c:\users\joopi\onedrive\desktop\code\personal\excerengine2d\excerengine2d\debug\imgui_impl_opengl3.obj
c:\users\joopi\onedrive\desktop\code\personal\excerengine2d\excerengine2d\debug\imgui_draw.obj
c:\users\joopi\onedrive\desktop\code\personal\excerengine2d\excerengine2d\debug\imgui_demo.obj
c:\users\joopi\onedrive\desktop\code\personal\excerengine2d\excerengine2d\debug\imgui.obj
c:\users\joopi\onedrive\desktop\code\personal\excerengine2d\excerengine2d\debug\titlestate.obj
c:\users\joopi\onedrive\desktop\code\personal\excerengine2d\excerengine2d\debug\sprite.obj
c:\users\joopi\onedrive\desktop\code\personal\excerengine2d\excerengine2d\debug\splashstate.obj
c:\users\joopi\onedrive\desktop\code\personal\excerengine2d\excerengine2d\debug\shaderutil.obj
c:\users\joopi\onedrive\desktop\code\personal\excerengine2d\excerengine2d\debug\settingsstate.obj
c:\users\joopi\onedrive\desktop\code\personal\excerengine2d\excerengine2d\debug\openglteststate.obj
c:\users\joopi\onedrive\desktop\code\personal\excerengine2d\debug\excerengine2d.exe
c:\users\joopi\onedrive\desktop\code\personal\excerengine2d\debug\excerengine2d.ilk
c:\users\joopi\onedrive\desktop\code\personal\excerengine2d\debug\excerengine2d.pdb
c:\users\joopi\onedrive\desktop\code\personal\excerengine2d\excerengine2d\debug\excerengine2d.tlog\cl.command.1.tlog
c:\users\joopi\onedrive\desktop\code\personal\excerengine2d\excerengine2d\debug\excerengine2d.tlog\cl.read.1.tlog
c:\users\joopi\onedrive\desktop\code\personal\excerengine2d\excerengine2d\debug\excerengine2d.tlog\cl.write.1.tlog
c:\users\joopi\onedrive\desktop\code\personal\excerengine2d\excerengine2d\debug\excerengine2d.tlog\link.command.1.tlog
c:\users\joopi\onedrive\desktop\code\personal\excerengine2d\excerengine2d\debug\excerengine2d.tlog\link.read.1.tlog
c:\users\joopi\onedrive\desktop\code\personal\excerengine2d\excerengine2d\debug\excerengine2d.tlog\link.write.1.tlog
