C:\Program Files (x86)\Microsoft Visual Studio\2019\Community\MSBuild\Microsoft\VC\v160\Microsoft.CppBuild.targets(467,5): warning MSB8028: The intermediate directory (Debug\) contains files shared from another project (TurboWet.vcxproj).  This can lead to incorrect clean and rebuild behavior.
  imgui.cpp
  imgui_demo.cpp
  imgui_draw.cpp
  imgui_widgets.cpp
  imgui_sdl.cpp
  AudioManager.cpp
  Button.cpp
  ButtonToggle.cpp
  ConsoleIO.cpp
  Engine.cpp
  FSM.cpp
  GameState.cpp
  Image.cpp
  Main.cpp
  MappingState.cpp
  Player.cpp
C:\Users\joopi\OneDrive\Desktop\Code\personal\ExcerEngine2D\ExcerEngine2D\Player.cpp(10,46): warning C4244: '+=': conversion from 'float' to 'int', possible loss of data
C:\Users\joopi\OneDrive\Desktop\Code\personal\ExcerEngine2D\ExcerEngine2D\Player.cpp(14,46): warning C4244: '+=': conversion from 'float' to 'int', possible loss of data
  SettingsState.cpp
  Sprite.cpp
  TitleState.cpp
  Generating Code...
  TurboWet.vcxproj -> C:\Users\joopi\OneDrive\Desktop\Code\personal\ExcerEngine2D\Debug\ExcerEngine2D.exe
